c:\users\millionaire\desktop\bestworkingversion__\project1\x64\debug\vc143.pdb
c:\users\millionaire\desktop\bestworkingversion__\project1\x64\debug\vc143.idb
c:\users\millionaire\desktop\bestworkingversion__\project1\x64\debug\model.obj
c:\users\millionaire\desktop\bestworkingversion__\project1\x64\debug\mainwindow.obj
c:\users\millionaire\desktop\bestworkingversion__\project1\x64\debug\imagewindow.obj
c:\users\millionaire\desktop\bestworkingversion__\project1\x64\debug\helperfuncs.obj
c:\users\millionaire\desktop\bestworkingversion__\project1\x64\debug\cameradata_cfg.obj
c:\users\millionaire\desktop\bestworkingversion__\project1\x64\debug\camera.obj
c:\users\millionaire\desktop\bestworkingversion__\project1\x64\debug\basewindow.obj
c:\users\millionaire\desktop\bestworkingversion__\project1\x64\debug\basechildwindow.obj
c:\users\millionaire\desktop\bestworkingversion__\project1\x64\debug\project.obj
c:\users\millionaire\desktop\bestworkingversion__\project1\x64\debug\imageedit.cu.obj
c:\users\millionaire\desktop\project1\x64\debug\project1.exe
c:\users\millionaire\desktop\project1\x64\debug\project1.pdb
c:\users\millionaire\desktop\bestworkingversion\x64\debug\project1.exe
c:\users\millionaire\desktop\bestworkingversion\x64\debug\project1.pdb
c:\users\millionaire\desktop\bestworkingversion__\x64\debug\project1.exe
c:\users\millionaire\desktop\bestworkingversion__\x64\debug\project1.pdb
c:\users\millionaire\desktop\bestworkingversion__\project1\x64\debug\project1.ilk
c:\users\millionaire\desktop\bestworkingversion__\project1\x64\debug\imageedit.cu.cache
c:\users\millionaire\desktop\bestworkingversion__\project1\x64\debug\project1.tlog\cl.command.1.tlog
c:\users\millionaire\desktop\bestworkingversion__\project1\x64\debug\project1.tlog\cl.items.tlog
c:\users\millionaire\desktop\bestworkingversion__\project1\x64\debug\project1.tlog\cl.read.1.tlog
c:\users\millionaire\desktop\bestworkingversion__\project1\x64\debug\project1.tlog\cl.write.1.tlog
c:\users\millionaire\desktop\bestworkingversion__\project1\x64\debug\project1.tlog\cudacompile.read.1u.tlog
c:\users\millionaire\desktop\bestworkingversion__\project1\x64\debug\project1.tlog\cudacompile.write.1u.tlog
c:\users\millionaire\desktop\bestworkingversion__\project1\x64\debug\project1.tlog\link.command.1.tlog
c:\users\millionaire\desktop\bestworkingversion__\project1\x64\debug\project1.tlog\link.read.1.tlog
c:\users\millionaire\desktop\bestworkingversion__\project1\x64\debug\project1.tlog\link.secondary.1.tlog
c:\users\millionaire\desktop\bestworkingversion__\project1\x64\debug\project1.tlog\link.write.1.tlog
